23/05/2017 08:51:48 org.apache.coyote.http11.Http11Protocol pause
INFO: Pausing Coyote HTTP/1.1 on http-8085
23/05/2017 08:51:49 org.apache.catalina.core.StandardService stop
INFO: Stopping service Catalina
23/05/2017 08:51:50 org.apache.catalina.loader.WebappClassLoader clearReferencesJdbc
GRAVE: A web application registered the JBDC driver [com.mysql.jdbc.Driver] but failed to unregister it when the web application was stopped. To prevent a memory leak, the JDBC Driver has been forcibly unregistered.
23/05/2017 08:51:50 org.apache.catalina.loader.WebappClassLoader clearReferencesJdbc
GRAVE: A web application registered the JBDC driver [org.postgresql.Driver] but failed to unregister it when the web application was stopped. To prevent a memory leak, the JDBC Driver has been forcibly unregistered.
23/05/2017 08:51:50 org.apache.catalina.loader.WebappClassLoader clearReferencesJdbc
GRAVE: A web application registered the JBDC driver [com.microsoft.sqlserver.jdbc.SQLServerDriver] but failed to unregister it when the web application was stopped. To prevent a memory leak, the JDBC Driver has been forcibly unregistered.
23/05/2017 08:51:50 org.apache.catalina.loader.WebappClassLoader clearReferencesJdbc
GRAVE: A web application registered the JBDC driver [org.apache.derby.jdbc.AutoloadedDriver] but failed to unregister it when the web application was stopped. To prevent a memory leak, the JDBC Driver has been forcibly unregistered.
23/05/2017 08:51:50 org.apache.catalina.loader.WebappClassLoader clearReferencesThreads
GRAVE: A web application appears to have started a thread named [Dispatcher-Thread-3] but has failed to stop it. This is very likely to create a memory leak.
23/05/2017 08:51:50 org.apache.catalina.loader.WebappClassLoader clearReferencesThreads
GRAVE: A web application appears to have started a thread named [AWT-Windows] but has failed to stop it. This is very likely to create a memory leak.
23/05/2017 08:51:50 org.apache.catalina.loader.WebappClassLoader clearReferencesThreads
GRAVE: A web application appears to have started a thread named [File Reaper] but has failed to stop it. This is very likely to create a memory leak.
23/05/2017 08:51:50 org.apache.catalina.loader.WebappClassLoader clearThreadLocalMap
GRAVE: A web application created a ThreadLocal with key of type [org.apache.derby.iapi.sql.dictionary.TableDescriptor$1] (value [org.apache.derby.iapi.sql.dictionary.TableDescriptor$1@5b70c94b]) and a value of type [java.util.WeakHashMap] (value [{=null, ={1}, ={1}, ={1, 2, 7}, ={1, 2, 3}, =null, ={1, 2, 3, 4, 5, 6, 7}, ={1, 2, 3, 4, 5, 6, 7}, ={1, 2, 3, 4}, ={1, 2}, ={1, 2, 3}, ={1, 2, 3, 4}, ={1, 2}, ={1}, ={1, 2, 3, 4, 5, 6, 7, 8, 9, 10, 11, 12, 13, 14, 15, 16, 17, 18, 19, 20, 21}, =null, =null, =null, ={1, 2, 3, 4, 5}, ={1}, =null, =null, ={1, 2, 3, 4, 5, 6, 7}, ={1}, ={1}, ={1, 2, 3, 4, 5, 6, 7, 8, 9, 10, 11, 12, 13, 14}, ={1, 2, 3, 4}, ={1, 2, 3}, ={1, 2, 3}, ={1, 2, 3, 4, 5, 6, 7, 8, 9, 10, 11, 12, 13, 14, 15, 16, 17, 18, 19, 20, 21}, ={1, 2, 3, 4, 5}, ={1, 2, 3, 4, 5}, ={1}, =null}]) but failed to remove it when the web application was stopped. To prevent a memory leak, the ThreadLocal has been forcibly removed.
23/05/2017 08:51:50 org.apache.catalina.loader.WebappClassLoader clearThreadLocalMap
GRAVE: A web application created a ThreadLocal with key of type [org.apache.axis.utils.XMLUtils.ThreadLocalDocumentBuilder] (value [org.apache.axis.utils.XMLUtils$ThreadLocalDocumentBuilder@333d444b]) and a value of type [com.sun.org.apache.xerces.internal.jaxp.DocumentBuilderImpl] (value [com.sun.org.apache.xerces.internal.jaxp.DocumentBuilderImpl@7b4eb234]) but failed to remove it when the web application was stopped. To prevent a memory leak, the ThreadLocal has been forcibly removed.
23/05/2017 08:51:50 org.apache.catalina.loader.WebappClassLoader clearThreadLocalMap
GRAVE: A web application created a ThreadLocal with key of type [org.apache.derby.iapi.sql.dictionary.TableDescriptor$1] (value [org.apache.derby.iapi.sql.dictionary.TableDescriptor$1@5b70c94b]) and a value of type [java.util.WeakHashMap] (value [{={1, 2, 3, 4, 5, 6, 7, 8, 9, 10, 11, 12, 13, 14}, ={1, 2, 3, 4}, ={1, 2, 3, 4, 5, 6, 7, 8, 9, 10, 11}, ={1, 2, 3, 4, 5, 6}, ={1, 9}, ={1, 2, 3, 4, 5}, ={1, 2, 3}, =null, ={1, 2, 3, 4, 5, 6, 7, 8, 9}, =null, =null}]) but failed to remove it when the web application was stopped. To prevent a memory leak, the ThreadLocal has been forcibly removed.
23/05/2017 08:51:50 org.apache.catalina.loader.WebappClassLoader clearThreadLocalMap
GRAVE: A web application created a ThreadLocal with key of type [org.apache.derby.iapi.sql.dictionary.TableDescriptor$1] (value [org.apache.derby.iapi.sql.dictionary.TableDescriptor$1@5b70c94b]) and a value of type [java.util.WeakHashMap] (value [{={1, 2, 11}, ={1, 2, 3, 4, 5, 6}, =null, ={1, 2, 3, 4, 5}, ={1, 2, 3}, ={1, 2, 3, 4}, ={1, 2}, =null, ={1, 2, 3, 4}, =null}]) but failed to remove it when the web application was stopped. To prevent a memory leak, the ThreadLocal has been forcibly removed.
23/05/2017 08:51:50 org.apache.catalina.loader.WebappClassLoader clearThreadLocalMap
GRAVE: A web application created a ThreadLocal with key of type [org.apache.derby.iapi.sql.dictionary.TableDescriptor$1] (value [org.apache.derby.iapi.sql.dictionary.TableDescriptor$1@5b70c94b]) and a value of type [java.util.WeakHashMap] (value [{={1, 2, 3, 4, 5, 6, 7, 8, 9, 10, 11}, ={1, 2, 3, 4}, ={1, 2}, ={1, 3}, ={1, 2, 3}, ={1, 2, 4}, =null, ={1, 2, 3}, ={1, 2, 3, 4, 5}, ={1, 2, 3, 4, 5, 6, 7}, =null}]) but failed to remove it when the web application was stopped. To prevent a memory leak, the ThreadLocal has been forcibly removed.
23/05/2017 08:51:50 org.apache.catalina.loader.WebappClassLoader clearThreadLocalMap
GRAVE: A web application created a ThreadLocal with key of type [org.apache.derby.iapi.sql.dictionary.TableDescriptor$1] (value [org.apache.derby.iapi.sql.dictionary.TableDescriptor$1@5b70c94b]) and a value of type [java.util.WeakHashMap] (value [{={1, 2, 3, 4}, ={1, 2, 3, 4, 5, 6}, =null, ={1, 2}, ={1, 2}, =null, =null, =null, ={1, 2}}]) but failed to remove it when the web application was stopped. To prevent a memory leak, the ThreadLocal has been forcibly removed.
