15/05/2017 07:15:51 org.apache.coyote.http11.Http11Protocol pause
INFO: Pausing Coyote HTTP/1.1 on http-8085
15/05/2017 07:15:52 org.apache.catalina.core.StandardService stop
INFO: Stopping service Catalina
15/05/2017 07:15:55 org.apache.catalina.loader.WebappClassLoader clearReferencesJdbc
GRAVE: A web application registered the JBDC driver [com.mysql.jdbc.Driver] but failed to unregister it when the web application was stopped. To prevent a memory leak, the JDBC Driver has been forcibly unregistered.
15/05/2017 07:15:55 org.apache.catalina.loader.WebappClassLoader clearReferencesJdbc
GRAVE: A web application registered the JBDC driver [org.postgresql.Driver] but failed to unregister it when the web application was stopped. To prevent a memory leak, the JDBC Driver has been forcibly unregistered.
15/05/2017 07:15:55 org.apache.catalina.loader.WebappClassLoader clearReferencesJdbc
GRAVE: A web application registered the JBDC driver [com.microsoft.sqlserver.jdbc.SQLServerDriver] but failed to unregister it when the web application was stopped. To prevent a memory leak, the JDBC Driver has been forcibly unregistered.
15/05/2017 07:15:55 org.apache.catalina.loader.WebappClassLoader clearReferencesJdbc
GRAVE: A web application registered the JBDC driver [org.apache.derby.jdbc.AutoloadedDriver] but failed to unregister it when the web application was stopped. To prevent a memory leak, the JDBC Driver has been forcibly unregistered.
15/05/2017 07:15:55 org.apache.catalina.loader.WebappClassLoader clearReferencesThreads
GRAVE: A web application appears to have started a thread named [Dispatcher-Thread-3] but has failed to stop it. This is very likely to create a memory leak.
15/05/2017 07:15:55 org.apache.catalina.loader.WebappClassLoader clearReferencesThreads
GRAVE: A web application appears to have started a thread named [AWT-Windows] but has failed to stop it. This is very likely to create a memory leak.
15/05/2017 07:15:55 org.apache.catalina.loader.WebappClassLoader clearThreadLocalMap
GRAVE: A web application created a ThreadLocal with key of type [org.apache.derby.iapi.sql.dictionary.TableDescriptor$1] (value [org.apache.derby.iapi.sql.dictionary.TableDescriptor$1@285fb753]) and a value of type [java.util.WeakHashMap] (value [{=null, ={1, 2, 3}, ={1, 2, 3, 4}, =null, ={1}, =null, ={1, 2, 3, 4, 5, 6, 7, 8, 9, 10, 11, 12, 13, 14, 15, 16, 17, 18, 19, 20, 21}, ={1}, ={1}, ={1}, ={1, 2}, ={1, 2, 3, 4}, ={1, 2, 3, 4, 5, 6, 7}, ={1}, ={1}, ={1}, =null, ={1, 2, 3}, =null, ={1, 2, 3}, ={1, 2, 3, 4}, =null, ={1, 2, 3}, ={1}, ={1, 2, 3, 4, 5, 6, 7}, ={1}, =null, =null, ={1, 2, 3, 4, 5, 6, 7, 8, 9, 10, 11, 12, 13, 14, 15, 16, 17, 18, 19, 20, 21}, ={1, 2, 7}, =null, ={1, 2, 3, 4, 5, 6, 7}}]) but failed to remove it when the web application was stopped. To prevent a memory leak, the ThreadLocal has been forcibly removed.
15/05/2017 07:15:55 org.apache.catalina.loader.WebappClassLoader clearThreadLocalMap
GRAVE: A web application created a ThreadLocal with key of type [org.apache.axis.utils.XMLUtils.ThreadLocalDocumentBuilder] (value [org.apache.axis.utils.XMLUtils$ThreadLocalDocumentBuilder@250cf510]) and a value of type [com.sun.org.apache.xerces.internal.jaxp.DocumentBuilderImpl] (value [com.sun.org.apache.xerces.internal.jaxp.DocumentBuilderImpl@75ad0070]) but failed to remove it when the web application was stopped. To prevent a memory leak, the ThreadLocal has been forcibly removed.
15/05/2017 07:15:55 org.apache.catalina.loader.WebappClassLoader clearThreadLocalMap
GRAVE: A web application created a ThreadLocal with key of type [org.apache.derby.iapi.sql.dictionary.TableDescriptor$1] (value [org.apache.derby.iapi.sql.dictionary.TableDescriptor$1@285fb753]) and a value of type [java.util.WeakHashMap] (value [{={1, 2, 3, 4, 5, 6, 7, 8, 9, 10, 11, 12}, ={1, 2, 3}, ={1, 2}, =null, ={1, 2, 3, 4, 5, 6, 7, 8, 9, 10, 11, 12, 13}, ={1, 2, 3}, ={1, 2, 3, 4}, ={1, 2, 3}}]) but failed to remove it when the web application was stopped. To prevent a memory leak, the ThreadLocal has been forcibly removed.
15/05/2017 07:15:55 org.apache.catalina.loader.WebappClassLoader clearThreadLocalMap
GRAVE: A web application created a ThreadLocal with key of type [org.apache.derby.iapi.sql.dictionary.TableDescriptor$1] (value [org.apache.derby.iapi.sql.dictionary.TableDescriptor$1@285fb753]) and a value of type [java.util.WeakHashMap] (value [{={1, 2, 3, 4, 5}, ={1, 2}, ={1, 2, 3}, ={1, 2, 3, 4, 5, 6, 7, 8, 9, 10, 11, 12, 13}}]) but failed to remove it when the web application was stopped. To prevent a memory leak, the ThreadLocal has been forcibly removed.
15/05/2017 07:15:55 org.apache.catalina.loader.WebappClassLoader clearThreadLocalMap
GRAVE: A web application created a ThreadLocal with key of type [org.apache.derby.iapi.sql.dictionary.TableDescriptor$1] (value [org.apache.derby.iapi.sql.dictionary.TableDescriptor$1@285fb753]) and a value of type [java.util.WeakHashMap] (value [{={1, 9}, ={1, 2, 3, 4}, ={1, 2, 3, 4, 5, 6, 7, 8, 9, 10, 11}, =null, ={1, 2}, =null}]) but failed to remove it when the web application was stopped. To prevent a memory leak, the ThreadLocal has been forcibly removed.
15/05/2017 09:19:12 org.apache.catalina.core.AprLifecycleListener init
INFO: The APR based Apache Tomcat Native library which allows optimal performance in production environments was not found on the java.library.path: C:\Program Files\ScadaBR\bin;C:\WINDOWS\Sun\Java\bin;C:\WINDOWS\system32;C:\WINDOWS;C:\Users\Fred Prates\Documents\Visual Studio 2015\Python27\;C:\Users\Fred Prates\Documents\Visual Studio 2015\Python27\Scripts;C:\Program Files (x86)\NVIDIA Corporation\PhysX\Common;C:\ProgramData\Oracle\Java\javapath;C:\Program Files (x86)\Intel\iCLS Client\;C:\Program Files\Intel\iCLS Client\;C:\WINDOWS\system32;C:\WINDOWS;C:\WINDOWS\System32\Wbem;C:\WINDOWS\System32\WindowsPowerShell\v1.0\;C:\Program Files\Microsoft SQL Server\120\Tools\Binn\;C:\Program Files (x86)\ATI Technologies\ATI.ACE\Core-Static;C:\Program Files\Microsoft\Web Platform Installer\;C:\Program Files\Microsoft SQL Server\130\Tools\Binn\;C:\Program Files (x86)\GtkSharp\2.12\bin;C:\Program Files\Intel\Intel(R) Management Engine Components\DAL;C:\Program Files\Intel\Intel(R) Management Engine Components\IPT;C:\Program Files (x86)\Intel\Intel(R) Management Engine Components\DAL;C:\Program Files (x86)\Intel\Intel(R) Management Engine Components\IPT;C:\Program Files (x86)\Microsoft SDKs\Azure\CLI\wbin;C:\Program Files\Microsoft Service Fabric\bin\Fabric\Fabric.Code;C:\Program Files\Microsoft SDKs\Service Fabric\Tools\ServiceFabricLocalClusterManager;C:\Program Files\MATLAB\R2016a\runtime\win64;C:\Program Files\MATLAB\R2016a\bin;C:\Program Files\MATLAB\R2016a\polyspace\bin;C:\Program Files (x86)\Microsoft SQL Server\110\DTS\Binn\;C:\Program Files (x86)\Microsoft SQL Server\120\DTS\Binn\;C:\Program Files (x86)\Microsoft SQL Server\130\DTS\Binn\;C:\Program Files (x86)\nodejs\;C:\Program Files (x86)\Xoreax\IncrediBuild;C:\Program Files\Git\cmd;C:\Program Files\dotnet\;C:\Program Files (x86)\Skype\Phone\;C:\WINDOWS\system32\config\systemprofile\AppData\Local\Microsoft\WindowsApps;.
15/05/2017 09:19:13 org.apache.coyote.http11.Http11Protocol init
INFO: Initializing Coyote HTTP/1.1 on http-8085
15/05/2017 09:19:13 org.apache.catalina.startup.Catalina load
INFO: Initialization processed in 1561 ms
15/05/2017 09:19:13 org.apache.catalina.core.StandardService start
INFO: Starting service Catalina
15/05/2017 09:19:13 org.apache.catalina.core.StandardEngine start
INFO: Starting Servlet Engine: Apache Tomcat/6.0.26
15/05/2017 09:19:13 org.apache.catalina.startup.HostConfig deployDescriptor
INFO: Deploying configuration descriptor manager.xml
15/05/2017 09:19:14 org.apache.catalina.startup.HostConfig deployDirectory
INFO: Deploying web application directory ClienteJavaWeb
15/05/2017 09:19:16 org.apache.catalina.startup.HostConfig deployDirectory
INFO: Deploying web application directory docs
15/05/2017 09:19:16 org.apache.catalina.startup.HostConfig deployDirectory
INFO: Deploying web application directory ROOT
15/05/2017 09:19:16 org.apache.catalina.startup.HostConfig deployDirectory
INFO: Deploying web application directory ScadaBR
15/05/2017 09:19:39 org.apache.coyote.http11.Http11Protocol start
INFO: Starting Coyote HTTP/1.1 on http-8085
15/05/2017 09:19:39 org.apache.jk.common.ChannelSocket init
INFO: JK: ajp13 listening on /0.0.0.0:8009
15/05/2017 09:19:39 org.apache.jk.server.JkMain start
INFO: Jk running ID=0 time=0/93  config=null
15/05/2017 09:19:39 org.apache.catalina.startup.Catalina start
INFO: Server startup in 25817 ms
15/05/2017 09:34:51 org.apache.coyote.http11.Http11Protocol pause
INFO: Pausing Coyote HTTP/1.1 on http-8085
15/05/2017 09:34:52 org.apache.catalina.core.StandardService stop
INFO: Stopping service Catalina
15/05/2017 09:35:31 org.apache.catalina.loader.WebappClassLoader clearReferencesJdbc
GRAVE: A web application registered the JBDC driver [com.mysql.jdbc.Driver] but failed to unregister it when the web application was stopped. To prevent a memory leak, the JDBC Driver has been forcibly unregistered.
15/05/2017 09:35:31 org.apache.catalina.loader.WebappClassLoader clearReferencesJdbc
GRAVE: A web application registered the JBDC driver [org.postgresql.Driver] but failed to unregister it when the web application was stopped. To prevent a memory leak, the JDBC Driver has been forcibly unregistered.
15/05/2017 09:35:31 org.apache.catalina.loader.WebappClassLoader clearReferencesJdbc
GRAVE: A web application registered the JBDC driver [com.microsoft.sqlserver.jdbc.SQLServerDriver] but failed to unregister it when the web application was stopped. To prevent a memory leak, the JDBC Driver has been forcibly unregistered.
15/05/2017 09:35:31 org.apache.catalina.loader.WebappClassLoader clearReferencesJdbc
GRAVE: A web application registered the JBDC driver [org.apache.derby.jdbc.AutoloadedDriver] but failed to unregister it when the web application was stopped. To prevent a memory leak, the JDBC Driver has been forcibly unregistered.
15/05/2017 09:35:31 org.apache.catalina.loader.WebappClassLoader clearReferencesThreads
GRAVE: A web application appears to have started a thread named [Dispatcher-Thread-3] but has failed to stop it. This is very likely to create a memory leak.
15/05/2017 09:35:31 org.apache.catalina.loader.WebappClassLoader clearReferencesThreads
GRAVE: A web application appears to have started a thread named [AWT-Windows] but has failed to stop it. This is very likely to create a memory leak.
15/05/2017 09:35:31 org.apache.catalina.loader.WebappClassLoader clearThreadLocalMap
GRAVE: A web application created a ThreadLocal with key of type [org.apache.derby.iapi.sql.dictionary.TableDescriptor$1] (value [org.apache.derby.iapi.sql.dictionary.TableDescriptor$1@1d7d327c]) and a value of type [java.util.WeakHashMap] (value [{={1, 2}, ={1, 2, 3, 4, 5, 6, 7, 8, 9, 10, 11, 12, 13, 14, 15, 16, 17, 18, 19, 20, 21}, =null, =null, ={1}, ={1}, ={1, 2, 7}, =null, ={1, 2, 3, 4, 5, 6, 7}, ={1, 2, 3, 4}, ={1}, ={1, 2, 3, 4}, =null, ={1}, ={1}, =null, =null, =null, ={1}, ={1, 2, 3, 4, 5, 6, 7}, =null, ={1, 2, 3}, ={1, 2, 3}, ={1, 2, 3, 4, 5, 6, 7, 8, 9, 10, 11, 12, 13, 14, 15, 16, 17, 18, 19, 20, 21}, ={1}, ={1, 2, 3, 4}, ={1, 2, 3, 4, 5, 6, 7}, ={1}, ={1}, =null, ={1, 2, 3}, ={1, 2, 3}}]) but failed to remove it when the web application was stopped. To prevent a memory leak, the ThreadLocal has been forcibly removed.
15/05/2017 09:35:31 org.apache.catalina.loader.WebappClassLoader clearThreadLocalMap
GRAVE: A web application created a ThreadLocal with key of type [org.apache.axis.utils.XMLUtils.ThreadLocalDocumentBuilder] (value [org.apache.axis.utils.XMLUtils$ThreadLocalDocumentBuilder@c1a890f]) and a value of type [com.sun.org.apache.xerces.internal.jaxp.DocumentBuilderImpl] (value [com.sun.org.apache.xerces.internal.jaxp.DocumentBuilderImpl@221c3dfe]) but failed to remove it when the web application was stopped. To prevent a memory leak, the ThreadLocal has been forcibly removed.
15/05/2017 09:35:31 org.apache.catalina.loader.WebappClassLoader clearThreadLocalMap
GRAVE: A web application created a ThreadLocal with key of type [org.apache.derby.iapi.sql.dictionary.TableDescriptor$1] (value [org.apache.derby.iapi.sql.dictionary.TableDescriptor$1@1d7d327c]) and a value of type [java.util.WeakHashMap] (value [{={1, 2, 3, 4, 5, 6, 7, 8, 9, 10, 11, 12, 13}, ={1, 2}, ={1, 2}, ={2, 5}, ={1, 2, 3, 4, 5}, ={1, 2, 3, 4, 5}, ={1, 2, 3, 4, 5, 6, 7}, =null, =null, =null, =null, ={1, 2, 3}}]) but failed to remove it when the web application was stopped. To prevent a memory leak, the ThreadLocal has been forcibly removed.
15/05/2017 09:35:31 org.apache.catalina.loader.WebappClassLoader clearThreadLocalMap
GRAVE: A web application created a ThreadLocal with key of type [org.apache.derby.iapi.sql.dictionary.TableDescriptor$1] (value [org.apache.derby.iapi.sql.dictionary.TableDescriptor$1@1d7d327c]) and a value of type [java.util.WeakHashMap] (value [{=null, ={1, 2, 3, 5}, ={2, 5}, ={1, 2, 4}}]) but failed to remove it when the web application was stopped. To prevent a memory leak, the ThreadLocal has been forcibly removed.
15/05/2017 09:35:31 org.apache.catalina.loader.WebappClassLoader clearThreadLocalMap
GRAVE: A web application created a ThreadLocal with key of type [org.apache.derby.iapi.sql.dictionary.TableDescriptor$1] (value [org.apache.derby.iapi.sql.dictionary.TableDescriptor$1@1d7d327c]) and a value of type [java.util.WeakHashMap] (value [{=null, ={1, 2, 3, 4}, ={1, 2}, ={1, 2, 3, 4, 5}, ={1, 2, 3, 4, 5}, ={1, 2, 3, 4, 5}, ={1, 2, 3, 4}, ={1, 2, 3, 4, 5, 6, 7, 8, 9, 10, 11, 12, 13, 14}, ={1, 2, 3}}]) but failed to remove it when the web application was stopped. To prevent a memory leak, the ThreadLocal has been forcibly removed.
15/05/2017 09:35:31 org.apache.catalina.loader.WebappClassLoader clearThreadLocalMap
GRAVE: A web application created a ThreadLocal with key of type [org.apache.derby.iapi.sql.dictionary.TableDescriptor$1] (value [org.apache.derby.iapi.sql.dictionary.TableDescriptor$1@1d7d327c]) and a value of type [java.util.WeakHashMap] (value [{={1, 2, 3, 4, 5, 6, 7, 8, 9, 10, 11, 12, 13}, ={1, 2}, ={1, 2}, ={1, 2, 3, 4}, =null, ={1, 2, 3}}]) but failed to remove it when the web application was stopped. To prevent a memory leak, the ThreadLocal has been forcibly removed.
15/05/2017 09:35:33 org.apache.coyote.http11.Http11Protocol destroy
INFO: Stopping Coyote HTTP/1.1 on http-8085
15/05/2017 09:36:31 org.apache.catalina.core.AprLifecycleListener init
INFO: The APR based Apache Tomcat Native library which allows optimal performance in production environments was not found on the java.library.path: C:\Program Files\ScadaBR\bin;C:\WINDOWS\Sun\Java\bin;C:\WINDOWS\system32;C:\WINDOWS;C:\Users\Fred Prates\Documents\Visual Studio 2015\Python27\;C:\Users\Fred Prates\Documents\Visual Studio 2015\Python27\Scripts;C:\Program Files (x86)\NVIDIA Corporation\PhysX\Common;C:\ProgramData\Oracle\Java\javapath;C:\Program Files (x86)\Intel\iCLS Client\;C:\Program Files\Intel\iCLS Client\;C:\WINDOWS\system32;C:\WINDOWS;C:\WINDOWS\System32\Wbem;C:\WINDOWS\System32\WindowsPowerShell\v1.0\;C:\Program Files\Microsoft SQL Server\120\Tools\Binn\;C:\Program Files (x86)\ATI Technologies\ATI.ACE\Core-Static;C:\Program Files\Microsoft\Web Platform Installer\;C:\Program Files\Microsoft SQL Server\130\Tools\Binn\;C:\Program Files (x86)\GtkSharp\2.12\bin;C:\Program Files\Intel\Intel(R) Management Engine Components\DAL;C:\Program Files\Intel\Intel(R) Management Engine Components\IPT;C:\Program Files (x86)\Intel\Intel(R) Management Engine Components\DAL;C:\Program Files (x86)\Intel\Intel(R) Management Engine Components\IPT;C:\Program Files (x86)\Microsoft SDKs\Azure\CLI\wbin;C:\Program Files\Microsoft Service Fabric\bin\Fabric\Fabric.Code;C:\Program Files\Microsoft SDKs\Service Fabric\Tools\ServiceFabricLocalClusterManager;C:\Program Files\MATLAB\R2016a\runtime\win64;C:\Program Files\MATLAB\R2016a\bin;C:\Program Files\MATLAB\R2016a\polyspace\bin;C:\Program Files (x86)\Microsoft SQL Server\110\DTS\Binn\;C:\Program Files (x86)\Microsoft SQL Server\120\DTS\Binn\;C:\Program Files (x86)\Microsoft SQL Server\130\DTS\Binn\;C:\Program Files (x86)\nodejs\;C:\Program Files (x86)\Xoreax\IncrediBuild;C:\Program Files\Git\cmd;C:\Program Files\dotnet\;C:\Program Files (x86)\Skype\Phone\;C:\WINDOWS\system32\config\systemprofile\AppData\Local\Microsoft\WindowsApps;.
15/05/2017 09:36:31 org.apache.coyote.http11.Http11Protocol init
INFO: Initializing Coyote HTTP/1.1 on http-8085
15/05/2017 09:36:31 org.apache.catalina.startup.Catalina load
INFO: Initialization processed in 1017 ms
15/05/2017 09:36:32 org.apache.catalina.core.StandardService start
INFO: Starting service Catalina
15/05/2017 09:36:32 org.apache.catalina.core.StandardEngine start
INFO: Starting Servlet Engine: Apache Tomcat/6.0.26
15/05/2017 09:36:32 org.apache.catalina.startup.HostConfig deployDescriptor
INFO: Deploying configuration descriptor manager.xml
15/05/2017 09:36:33 org.apache.catalina.startup.HostConfig deployDirectory
INFO: Deploying web application directory ClienteJavaWeb
15/05/2017 09:36:33 org.apache.catalina.startup.HostConfig deployDirectory
INFO: Deploying web application directory docs
15/05/2017 09:36:33 org.apache.catalina.startup.HostConfig deployDirectory
INFO: Deploying web application directory ROOT
15/05/2017 09:36:33 org.apache.catalina.startup.HostConfig deployDirectory
INFO: Deploying web application directory ScadaBR
15/05/2017 09:36:59 org.apache.coyote.http11.Http11Protocol start
INFO: Starting Coyote HTTP/1.1 on http-8085
15/05/2017 09:36:59 org.apache.jk.common.ChannelSocket init
INFO: JK: ajp13 listening on /0.0.0.0:8009
15/05/2017 09:36:59 org.apache.jk.server.JkMain start
INFO: Jk running ID=0 time=0/23  config=null
15/05/2017 09:36:59 org.apache.catalina.startup.Catalina start
INFO: Server startup in 27525 ms
