23/05/2017 08:06:49 org.apache.catalina.core.StandardWrapperValve invoke
GRAVE: Servlet.service() for servlet springDispatcher threw exception
com.serotonin.ShouldNeverHappenException: Invalid submit parameter
	at com.serotonin.mango.web.mvc.controller.ViewEditController.onSubmit(ViewEditController.java:167)
	at org.springframework.web.servlet.mvc.SimpleFormController.processFormSubmission(SimpleFormController.java:267)
	at org.springframework.web.servlet.mvc.AbstractFormController.handleRequestInternal(AbstractFormController.java:265)
	at org.springframework.web.servlet.mvc.AbstractController.handleRequest(AbstractController.java:153)
	at org.springframework.web.servlet.mvc.SimpleControllerHandlerAdapter.handle(SimpleControllerHandlerAdapter.java:48)
	at org.springframework.web.servlet.DispatcherServlet.doDispatch(DispatcherServlet.java:875)
	at org.springframework.web.servlet.DispatcherServlet.doService(DispatcherServlet.java:809)
	at org.springframework.web.servlet.FrameworkServlet.processRequest(FrameworkServlet.java:523)
	at org.springframework.web.servlet.FrameworkServlet.doPost(FrameworkServlet.java:463)
	at javax.servlet.http.HttpServlet.service(HttpServlet.java:637)
	at javax.servlet.http.HttpServlet.service(HttpServlet.java:717)
	at org.apache.catalina.core.ApplicationFilterChain.internalDoFilter(ApplicationFilterChain.java:290)
	at org.apache.catalina.core.ApplicationFilterChain.doFilter(ApplicationFilterChain.java:206)
	at com.serotonin.mango.web.filter.WebContextFilter.doFilter(WebContextFilter.java:57)
	at org.apache.catalina.core.ApplicationFilterChain.internalDoFilter(ApplicationFilterChain.java:235)
	at org.apache.catalina.core.ApplicationFilterChain.doFilter(ApplicationFilterChain.java:206)
	at com.serotonin.mango.web.filter.LoggedInFilter.doFilter(LoggedInFilter.java:75)
	at org.apache.catalina.core.ApplicationFilterChain.internalDoFilter(ApplicationFilterChain.java:235)
	at org.apache.catalina.core.ApplicationFilterChain.doFilter(ApplicationFilterChain.java:206)
	at com.serotonin.web.filter.CharacterSetFilter.doFilter(CharacterSetFilter.java:37)
	at org.apache.catalina.core.ApplicationFilterChain.internalDoFilter(ApplicationFilterChain.java:235)
	at org.apache.catalina.core.ApplicationFilterChain.doFilter(ApplicationFilterChain.java:206)
	at org.apache.catalina.core.StandardWrapperValve.invoke(StandardWrapperValve.java:233)
	at org.apache.catalina.core.StandardContextValve.invoke(StandardContextValve.java:191)
	at org.apache.catalina.core.StandardHostValve.invoke(StandardHostValve.java:127)
	at org.apache.catalina.valves.ErrorReportValve.invoke(ErrorReportValve.java:102)
	at org.apache.catalina.core.StandardEngineValve.invoke(StandardEngineValve.java:109)
	at org.apache.catalina.connector.CoyoteAdapter.service(CoyoteAdapter.java:298)
	at org.apache.coyote.http11.Http11Processor.process(Http11Processor.java:852)
	at org.apache.coyote.http11.Http11Protocol$Http11ConnectionHandler.process(Http11Protocol.java:588)
	at org.apache.tomcat.util.net.JIoEndpoint$Worker.run(JIoEndpoint.java:489)
	at java.lang.Thread.run(Unknown Source)
23/05/2017 08:51:49 org.apache.catalina.core.ApplicationContext log
INFO: Destroying Spring FrameworkServlet 'springDispatcher'
23/05/2017 08:51:50 org.apache.catalina.core.ApplicationContext log
INFO: Closing Spring root WebApplicationContext
