INFO  2017-05-23 07:32:17,290 (com.serotonin.mango.rt.maint.DataPurge.executeImpl:65) - Data purge started 
INFO  2017-05-23 07:32:18,180 (com.serotonin.mango.rt.maint.DataPurge.executeImpl:76) - Data purge ended, 0 point values deleted 
INFO  2017-05-23 07:37:15,722 (com.serotonin.mango.rt.RuntimeManager.initializeDataSource:323) - Data source 'Arduino' initialized 
WARN  2017-05-23 08:05:08,697 (com.serotonin.mango.web.dwr.MiscDwr.jsError:193) - Javascript error
   Description: Uncaught TypeError: mango.view.setPoint is not a function
   Page: http://localhost:8085/ScadaBR/view_edit.shtm?viewId=1
   Line: 1
   Browser name: Chrome
   Browser version: 58
   osName: Windows
   location: http://localhost:8085/ScadaBR/view_edit.shtm?viewId=1 
WARN  2017-05-23 08:05:24,725 (com.serotonin.messaging.WaitingRoom.enter:36) - Duplicate waiting room key found. Waiting for member to leave. 
WARN  2017-05-23 08:05:25,724 (com.serotonin.mango.rt.dataSource.PollingDataSource.scheduleTimeout:63) - Arduino: poll at 2017/05/23 08:05:25 aborted because a previous poll started at 2017/05/23 08:05:24 is still running 
WARN  2017-05-23 08:05:26,103 (com.serotonin.messaging.WaitingRoom.enter:36) - Duplicate waiting room key found. Waiting for member to leave. 
INFO  2017-05-23 08:05:26,309 (com.serotonin.mango.rt.dataSource.modbus.ModbusDataSource.setPointValue:411) - Error setting point value 
com.serotonin.modbus4j.exception.ModbusTransportException: com.serotonin.messaging.TimeoutException: request=com.serotonin.modbus4j.serial.rtu.RtuMessageRequest@e46eb6c
	at com.serotonin.modbus4j.serial.rtu.RtuMaster.sendImpl(RtuMaster.java:78)
	at com.serotonin.modbus4j.ModbusMaster.send(ModbusMaster.java:74)
	at com.serotonin.modbus4j.ModbusMaster.setValue(ModbusMaster.java:337)
	at com.serotonin.modbus4j.ModbusMaster.setHoldingRegisterBit(ModbusMaster.java:383)
	at com.serotonin.modbus4j.ModbusMaster.setValue(ModbusMaster.java:135)
	at com.serotonin.mango.rt.dataSource.modbus.ModbusDataSource.setPointValue(ModbusDataSource.java:401)
	at com.serotonin.mango.rt.RuntimeManager.setDataPointValue(RuntimeManager.java:493)
	at com.serotonin.mango.rt.RuntimeManager.setDataPointValue(RuntimeManager.java:476)
	at com.serotonin.mango.web.dwr.BaseDwr.setPointImpl(BaseDwr.java:199)
	at com.serotonin.mango.web.dwr.ViewDwr.setViewPoint(ViewDwr.java:498)
	at sun.reflect.NativeMethodAccessorImpl.invoke0(Native Method)
	at sun.reflect.NativeMethodAccessorImpl.invoke(Unknown Source)
	at sun.reflect.DelegatingMethodAccessorImpl.invoke(Unknown Source)
	at java.lang.reflect.Method.invoke(Unknown Source)
	at org.directwebremoting.impl.ExecuteAjaxFilter.doFilter(ExecuteAjaxFilter.java:34)
	at org.directwebremoting.impl.DefaultRemoter$1.doFilter(DefaultRemoter.java:428)
	at com.serotonin.mango.web.dwr.util.LoggedInAjaxMethodFilter.doFilter(LoggedInAjaxMethodFilter.java:52)
	at org.directwebremoting.impl.DefaultRemoter$1.doFilter(DefaultRemoter.java:428)
	at com.serotonin.web.dwr.LocalizationFilter.doFilter(LocalizationFilter.java:42)
	at org.directwebremoting.impl.DefaultRemoter$1.doFilter(DefaultRemoter.java:428)
	at com.serotonin.mango.web.filter.ExceptionDetectionFilter.doFilter(ExceptionDetectionFilter.java:40)
	at org.directwebremoting.impl.DefaultRemoter$1.doFilter(DefaultRemoter.java:428)
	at org.directwebremoting.impl.DefaultRemoter.execute(DefaultRemoter.java:431)
	at org.directwebremoting.impl.DefaultRemoter.execute(DefaultRemoter.java:283)
	at org.directwebremoting.servlet.PlainCallHandler.handle(PlainCallHandler.java:52)
	at org.directwebremoting.servlet.UrlProcessor.handle(UrlProcessor.java:101)
	at org.directwebremoting.servlet.DwrServlet.doPost(DwrServlet.java:146)
	at javax.servlet.http.HttpServlet.service(HttpServlet.java:637)
	at javax.servlet.http.HttpServlet.service(HttpServlet.java:717)
	at org.apache.catalina.core.ApplicationFilterChain.internalDoFilter(ApplicationFilterChain.java:290)
	at org.apache.catalina.core.ApplicationFilterChain.doFilter(ApplicationFilterChain.java:206)
	at org.apache.catalina.core.StandardWrapperValve.invoke(StandardWrapperValve.java:233)
	at org.apache.catalina.core.StandardContextValve.invoke(StandardContextValve.java:191)
	at org.apache.catalina.core.StandardHostValve.invoke(StandardHostValve.java:127)
	at org.apache.catalina.valves.ErrorReportValve.invoke(ErrorReportValve.java:102)
	at org.apache.catalina.core.StandardEngineValve.invoke(StandardEngineValve.java:109)
	at org.apache.catalina.connector.CoyoteAdapter.service(CoyoteAdapter.java:298)
	at org.apache.coyote.http11.Http11Processor.process(Http11Processor.java:852)
	at org.apache.coyote.http11.Http11Protocol$Http11ConnectionHandler.process(Http11Protocol.java:588)
	at org.apache.tomcat.util.net.JIoEndpoint$Worker.run(JIoEndpoint.java:489)
	at java.lang.Thread.run(Unknown Source)
Caused by: com.serotonin.messaging.TimeoutException: request=com.serotonin.modbus4j.serial.rtu.RtuMessageRequest@e46eb6c
	at com.serotonin.messaging.MessageControl.send(MessageControl.java:118)
	at com.serotonin.messaging.MessageControl.send(MessageControl.java:83)
	at com.serotonin.modbus4j.serial.rtu.RtuMaster.sendImpl(RtuMaster.java:72)
	... 40 more
ERROR 2017-05-23 08:06:50,226 (org.apache.taglibs.log.LoggerTag.doStartTag:97) - org.springframework.web.util.NestedServletException: Request processing failed; nested exception is com.serotonin.ShouldNeverHappenException: Invalid submit parameter
	at org.springframework.web.servlet.FrameworkServlet.processRequest(FrameworkServlet.java:535)
	at org.springframework.web.servlet.FrameworkServlet.doPost(FrameworkServlet.java:463)
	at javax.servlet.http.HttpServlet.service(HttpServlet.java:637)
	at javax.servlet.http.HttpServlet.service(HttpServlet.java:717)
	at org.apache.catalina.core.ApplicationFilterChain.internalDoFilter(ApplicationFilterChain.java:290)
	at org.apache.catalina.core.ApplicationFilterChain.doFilter(ApplicationFilterChain.java:206)
	at com.serotonin.mango.web.filter.WebContextFilter.doFilter(WebContextFilter.java:57)
	at org.apache.catalina.core.ApplicationFilterChain.internalDoFilter(ApplicationFilterChain.java:235)
	at org.apache.catalina.core.ApplicationFilterChain.doFilter(ApplicationFilterChain.java:206)
	at com.serotonin.mango.web.filter.LoggedInFilter.doFilter(LoggedInFilter.java:75)
	at org.apache.catalina.core.ApplicationFilterChain.internalDoFilter(ApplicationFilterChain.java:235)
	at org.apache.catalina.core.ApplicationFilterChain.doFilter(ApplicationFilterChain.java:206)
	at com.serotonin.web.filter.CharacterSetFilter.doFilter(CharacterSetFilter.java:37)
	at org.apache.catalina.core.ApplicationFilterChain.internalDoFilter(ApplicationFilterChain.java:235)
	at org.apache.catalina.core.ApplicationFilterChain.doFilter(ApplicationFilterChain.java:206)
	at org.apache.catalina.core.StandardWrapperValve.invoke(StandardWrapperValve.java:233)
	at org.apache.catalina.core.StandardContextValve.invoke(StandardContextValve.java:191)
	at org.apache.catalina.core.StandardHostValve.invoke(StandardHostValve.java:127)
	at org.apache.catalina.valves.ErrorReportValve.invoke(ErrorReportValve.java:102)
	at org.apache.catalina.core.StandardEngineValve.invoke(StandardEngineValve.java:109)
	at org.apache.catalina.connector.CoyoteAdapter.service(CoyoteAdapter.java:298)
	at org.apache.coyote.http11.Http11Processor.process(Http11Processor.java:852)
	at org.apache.coyote.http11.Http11Protocol$Http11ConnectionHandler.process(Http11Protocol.java:588)
	at org.apache.tomcat.util.net.JIoEndpoint$Worker.run(JIoEndpoint.java:489)
	at java.lang.Thread.run(Unknown Source)
Caused by: com.serotonin.ShouldNeverHappenException: Invalid submit parameter
	at com.serotonin.mango.web.mvc.controller.ViewEditController.onSubmit(ViewEditController.java:167)
	at org.springframework.web.servlet.mvc.SimpleFormController.processFormSubmission(SimpleFormController.java:267)
	at org.springframework.web.servlet.mvc.AbstractFormController.handleRequestInternal(AbstractFormController.java:265)
	at org.springframework.web.servlet.mvc.AbstractController.handleRequest(AbstractController.java:153)
	at org.springframework.web.servlet.mvc.SimpleControllerHandlerAdapter.handle(SimpleControllerHandlerAdapter.java:48)
	at org.springframework.web.servlet.DispatcherServlet.doDispatch(DispatcherServlet.java:875)
	at org.springframework.web.servlet.DispatcherServlet.doService(DispatcherServlet.java:809)
	at org.springframework.web.servlet.FrameworkServlet.processRequest(FrameworkServlet.java:523)
	... 24 more

REQUEST URL
http://localhost:8085/ScadaBR/exception/error.jsp

REQUEST PARAMETERS
   viewId=1


REQUEST HEADERS
   host=localhost:8085
   connection=keep-alive
   content-length=523
   cache-control=max-age=0
   origin=http://localhost:8085
   upgrade-insecure-requests=1
   user-agent=Mozilla/5.0 (Windows NT 10.0; Win64; x64) AppleWebKit/537.36 (KHTML, like Gecko) Chrome/58.0.3029.110 Safari/537.36
   content-type=multipart/form-data; boundary=----WebKitFormBoundarychoPRZVOb7u3y75D
   accept=text/html,application/xhtml+xml,application/xml;q=0.9,image/webp,*/*;q=0.8
   dnt=1
   referer=http://localhost:8085/ScadaBR/view_edit.shtm?viewId=1
   accept-encoding=gzip, deflate, br
   accept-language=pt-BR,pt;q=0.8,en-US;q=0.6,en;q=0.4
   cookie=fullScreen=no; JSESSIONID=213A287BA60F99EF57E13029057F4307


REQUEST ATTRIBUTES
   javax.servlet.forward.request_uri=/ScadaBR/view_edit.shtm
   javax.servlet.forward.context_path=/ScadaBR
   javax.servlet.forward.servlet_path=/view_edit.shtm
   javax.servlet.forward.path_info=/exception/error.jsp
   javax.servlet.forward.query_string=viewId=1
   instanceDescription=ScadaBR - 1.0 CE
   org.springframework.web.servlet.DispatcherServlet.THEME_SOURCE=org.springframework.web.context.support.XmlWebApplicationContext@265ef79f: display name [WebApplicationContext for namespace 'springDispatcher-servlet']; startup date [Mon May 22 19:02:29 BRT 2017]; parent: org.springframework.web.context.support.XmlWebApplicationContext@68acfc3
   org.springframework.web.servlet.DispatcherServlet.THEME_RESOLVER=org.springframework.web.servlet.theme.FixedThemeResolver@60b39ad9
   org.springframework.web.servlet.DispatcherServlet.CONTEXT=org.springframework.web.context.support.XmlWebApplicationContext@265ef79f: display name [WebApplicationContext for namespace 'springDispatcher-servlet']; startup date [Mon May 22 19:02:29 BRT 2017]; parent: org.springframework.web.context.support.XmlWebApplicationContext@68acfc3
   javax.servlet.error.status_code=500
   javax.servlet.error.servlet_name=springDispatcher
   NEW_ID=-1
   availableLanguages=[com.serotonin.db.KeyValuePair@2f7b4e28, com.serotonin.db.KeyValuePair@48483c72, com.serotonin.db.KeyValuePair@7e788570, com.serotonin.db.KeyValuePair@1a80bcee, com.serotonin.db.KeyValuePair@79f3bad9, com.serotonin.db.KeyValuePair@70703b1b, com.serotonin.db.KeyValuePair@5838a348, com.serotonin.db.KeyValuePair@6e67f937, com.serotonin.db.KeyValuePair@6c1ac281, com.serotonin.db.KeyValuePair@50d7da99]
   org.springframework.web.servlet.HandlerMapping.pathWithinHandlerMapping=/view_edit.shtm
   lang=pt
   javax.servlet.error.message=
   javax.servlet.error.exception=org.springframework.web.util.NestedServletException: Request processing failed; nested exception is com.serotonin.ShouldNeverHappenException: Invalid submit parameter
   sessionUser=com.serotonin.mango.vo.User@20
   javax.servlet.error.request_uri=/ScadaBR/view_edit.shtm
   org.springframework.web.servlet.DispatcherServlet.LOCALE_RESOLVER=org.springframework.web.servlet.i18n.SessionLocaleResolver@b509c46


SESSION ATTRIBUTES
   LONG_POLL_DATA_TIMEOUT=1495537382878
   sessionUser=com.serotonin.mango.vo.User@20
   LONG_POLL_DATA=[com.serotonin.mango.web.dwr.longPoll.LongPollData@5943bd77, com.serotonin.mango.web.dwr.longPoll.LongPollData@6e4bfd69, com.serotonin.mango.web.dwr.longPoll.LongPollData@3eea3111, com.serotonin.mango.web.dwr.longPoll.LongPollData@13b735c, com.serotonin.mango.web.dwr.longPoll.LongPollData@66129da5, com.serotonin.mango.web.dwr.longPoll.LongPollData@502beffd, com.serotonin.mango.web.dwr.longPoll.LongPollData@7498f429, com.serotonin.mango.web.dwr.longPoll.LongPollData@65c5eb8c, com.serotonin.mango.web.dwr.longPoll.LongPollData@24eb6887, com.serotonin.mango.web.dwr.longPoll.LongPollData@5b1b8a00, com.serotonin.mango.web.dwr.longPoll.LongPollData@6d0134ba, com.serotonin.mango.web.dwr.longPoll.LongPollData@6a2cd73e, com.serotonin.mango.web.dwr.longPoll.LongPollData@25e75de7]


CONTEXT ATTRIBUTES
   constants.EventType.EventSources.PUBLISHER=7
   constants.DataSourceVO.Types.MODBUS_SERIAL=2
   constants.DataSourceVO.Types.HTTP_IMAGE=15
   org.directwebremoting.impl.ServerContext=org.directwebremoting.impl.DefaultServerContext@78c5fc21
   constants.DataSourceVO.Types.RADIUINO=41
   constants.DataSourceVO.Types.M_BUS=20
   constants.DataSourceVO.Types.SQL=6
   constants.UserComment.TYPE_EVENT=1
   constants.DataSourceVO.Types.ONE_WIRE=8
   constants.DataSourceVO.Types.OPC=32
   constants.DataSourceVO.Types.DR_STORAGE_HT5B=38
   org.apache.catalina.WELCOME_FILES=[Ljava.lang.String;@e2c1879
   constants.DataSourceVO.Types.ASCII_SERIAL=34
   constants.DataSourceVO.Types.HTTP_RECEIVER=7
   constants.DataSourceVO.Types.VIRTUAL=1
   DYNAMIC_IMAGES=[com.serotonin.mango.view.DynamicImage@2a2eeff0, com.serotonin.mango.view.DynamicImage@590b9bcf, com.serotonin.mango.view.DynamicImage@53c3fdfb, com.serotonin.mango.view.DynamicImage@7202dc8c]
   constants.DataSourceVO.Types.INTERNAL=27
   constants.DataSourceVO.Types.MODBUS_IP=3
   javax.servlet.context.tempdir=C:\Program Files\ScadaBR\work\Catalina\localhost\ScadaBR
   constants.UserComment.TYPE_POINT=2
   constants.AuditEventType.TYPE_EVENT_HANDLER=6
   constants.AuditEventType.TYPE_COMPOUND_EVENT_DETECTOR=4
   constants.DataSourceVO.Types.SNMP=5
   org.springframework.web.servlet.FrameworkServlet.CONTEXT.springDispatcher=org.springframework.web.context.support.XmlWebApplicationContext@265ef79f: display name [WebApplicationContext for namespace 'springDispatcher-servlet']; startup date [Mon May 22 19:02:29 BRT 2017]; parent: org.springframework.web.context.support.XmlWebApplicationContext@68acfc3
   constants.Common.NEW_ID=-1
   org.apache.catalina.jsp_classpath=/C:/Program%20Files/ScadaBR/webapps/ScadaBR/WEB-INF/classes/;/C:/Program%20Files/ScadaBR/webapps/ScadaBR/WEB-INF/lib/OneWireAPI.jar;/C:/Program%20Files/ScadaBR/webapps/ScadaBR/WEB-INF/lib/RXTXcomm.jar;/C:/Program%20Files/ScadaBR/webapps/ScadaBR/WEB-INF/lib/SNMP4J.jar;/C:/Program%20Files/ScadaBR/webapps/ScadaBR/WEB-INF/lib/activation.jar;/C:/Program%20Files/ScadaBR/webapps/ScadaBR/WEB-INF/lib/alpha24j.jar;/C:/Program%20Files/ScadaBR/webapps/ScadaBR/WEB-INF/lib/axis.jar;/C:/Program%20Files/ScadaBR/webapps/ScadaBR/WEB-INF/lib/bacnet4J.jar;/C:/Program%20Files/ScadaBR/webapps/ScadaBR/WEB-INF/lib/catalina-ant-6.0.29.jar;/C:/Program%20Files/ScadaBR/webapps/ScadaBR/WEB-INF/lib/commons-beanutils-1.8.3.jar;/C:/Program%20Files/ScadaBR/webapps/ScadaBR/WEB-INF/lib/commons-codec-1.3.jar;/C:/Program%20Files/ScadaBR/webapps/ScadaBR/WEB-INF/lib/commons-collections-3.2.1.jar;/C:/Program%20Files/ScadaBR/webapps/ScadaBR/WEB-INF/lib/commons-dbcp-jdbc4.jar;/C:/Program%20Files/ScadaBR/webapps/ScadaBR/WEB-INF/lib/commons-discovery-0.2.jar;/C:/Program%20Files/ScadaBR/webapps/ScadaBR/WEB-INF/lib/commons-fileupload.jar;/C:/Program%20Files/ScadaBR/webapps/ScadaBR/WEB-INF/lib/commons-httpclient-3.0.1.jar;/C:/Program%20Files/ScadaBR/webapps/ScadaBR/WEB-INF/lib/commons-io.jar;/C:/Program%20Files/ScadaBR/webapps/ScadaBR/WEB-INF/lib/commons-lang-2.5.jar;/C:/Program%20Files/ScadaBR/webapps/ScadaBR/WEB-INF/lib/commons-logging.jar;/C:/Program%20Files/ScadaBR/webapps/ScadaBR/WEB-INF/lib/commons-pool.jar;/C:/Program%20Files/ScadaBR/webapps/ScadaBR/WEB-INF/lib/crowd-integration-client-2.1.1.jar;/C:/Program%20Files/ScadaBR/webapps/ScadaBR/WEB-INF/lib/derby.jar;/C:/Program%20Files/ScadaBR/webapps/ScadaBR/WEB-INF/lib/derbytools.jar;/C:/Program%20Files/ScadaBR/webapps/ScadaBR/WEB-INF/lib/dnp3.jar;/C:/Program%20Files/ScadaBR/webapps/ScadaBR/WEB-INF/lib/dnp34j.jar;/C:/Program%20Files/ScadaBR/webapps/ScadaBR/WEB-INF/lib/dwr.jar;/C:/Program%20Files/ScadaBR/webapps/ScadaBR/WEB-INF/lib/ezmorph-1.0.6.jar;/C:/Program%20Files/ScadaBR/webapps/ScadaBR/WEB-INF/lib/fhz4j-core-0.1.4-SNAPSHOT.jar;/C:/Program%20Files/ScadaBR/webapps/ScadaBR/WEB-INF/lib/freemarker.jar;/C:/Program%20Files/ScadaBR/webapps/ScadaBR/WEB-INF/lib/iec101.jar;/C:/Program%20Files/ScadaBR/webapps/ScadaBR/WEB-INF/lib/j-interop-2.06.jar;/C:/Program%20Files/ScadaBR/webapps/ScadaBR/WEB-INF/lib/j-interopdeps-1.4.jar;/C:/Program%20Files/ScadaBR/webapps/ScadaBR/WEB-INF/lib/jaxrpc.jar;/C:/Program%20Files/ScadaBR/webapps/ScadaBR/WEB-INF/lib/jcifs-1.2.19.jar;/C:/Program%20Files/ScadaBR/webapps/ScadaBR/WEB-INF/lib/jcommon-1.0.14.jar;/C:/Program%20Files/ScadaBR/webapps/ScadaBR/WEB-INF/lib/jdom-1.0.jar;/C:/Program%20Files/ScadaBR/webapps/ScadaBR/WEB-INF/lib/jfreechart-1.0.11.jar;/C:/Program%20Files/ScadaBR/webapps/ScadaBR/WEB-INF/lib/joda-time-1.3.jar;/C:/Program%20Files/ScadaBR/webapps/ScadaBR/WEB-INF/lib/joda-time-2.1.jar;/C:/Program%20Files/ScadaBR/webapps/ScadaBR/WEB-INF/lib/json-lib-2.3-jdk15.jar;/C:/Program%20Files/ScadaBR/webapps/ScadaBR/WEB-INF/lib/jstl-api-1.2.jar;/C:/Program%20Files/ScadaBR/webapps/ScadaBR/WEB-INF/lib/jstl-impl-1.2.jar;/C:/Program%20Files/ScadaBR/webapps/ScadaBR/WEB-INF/lib/jstl.jar;/C:/Program%20Files/ScadaBR/webapps/ScadaBR/WEB-INF/lib/junit-4.8.2.jar;/C:/Program%20Files/ScadaBR/webapps/ScadaBR/WEB-INF/lib/log4j-1.2.14.jar;/C:/Program%20Files/ScadaBR/webapps/ScadaBR/WEB-INF/lib/mail.jar;/C:/Program%20Files/ScadaBR/webapps/ScadaBR/WEB-INF/lib/mbus4j-core-0.1.3.jar;/C:/Program%20Files/ScadaBR/webapps/ScadaBR/WEB-INF/lib/mbus4j-core-0.1.4-SNAPSHOT.jar;/C:/Program%20Files/ScadaBR/webapps/ScadaBR/WEB-INF/lib/mbus4j-master-0.1.3.jar;/C:/Program%20Files/ScadaBR/webapps/ScadaBR/WEB-INF/lib/mbus4j-master-0.1.4-SNAPSHOT.jar;/C:/Program%20Files/ScadaBR/webapps/ScadaBR/WEB-INF/lib/modbus4J.jar;/C:/Program%20Files/ScadaBR/webapps/ScadaBR/WEB-INF/lib/mysql-connector-java-3.1.8-bin.jar;/C:/Program%20Files/ScadaBR/webapps/ScadaBR/WEB-INF/lib/mysql-connector-java-5.1.7-bin.jar;/C:/Program%20Files/ScadaBR/webapps/ScadaBR/WEB-INF/lib/opc-driver.jar;/C:/Program%20Files/ScadaBR/webapps/ScadaBR/WEB-INF/lib/openscada-utils.jar;/C:/Program%20Files/ScadaBR/webapps/ScadaBR/WEB-INF/lib/openv4j-core-0.1.3.jar;/C:/Program%20Files/ScadaBR/webapps/ScadaBR/WEB-INF/lib/openv4j-core-0.1.4-SNAPSHOT.jar;/C:/Program%20Files/ScadaBR/webapps/ScadaBR/WEB-INF/lib/org.openscada.opc.dcom-0.5.0.jar;/C:/Program%20Files/ScadaBR/webapps/ScadaBR/WEB-INF/lib/org.openscada.opc.lib-0.5.0.jar;/C:/Program%20Files/ScadaBR/webapps/ScadaBR/WEB-INF/lib/org.osgi.core-4.0.0.jar;/C:/Program%20Files/ScadaBR/webapps/ScadaBR/WEB-INF/lib/org.restlet-2.0.0.jar;/C:/Program%20Files/ScadaBR/webapps/ScadaBR/WEB-INF/lib/org.restlet.ext.json-2.0.0.jar;/C:/Program%20Files/ScadaBR/webapps/ScadaBR/WEB-INF/lib/org.restlet.ext.servlet-2.0.0.jar;/C:/Program%20Files/ScadaBR/webapps/ScadaBR/WEB-INF/lib/org.restlet.lib.org.json-2.0.jar;/C:/Program%20Files/ScadaBR/webapps/ScadaBR/WEB-INF/lib/postgresql-9.2-1000.jdbc4.jar;/C:/Program%20Files/ScadaBR/webapps/ScadaBR/WEB-INF/lib/quartz-1.6.3.jar;/C:/Program%20Files/ScadaBR/webapps/ScadaBR/WEB-INF/lib/rose.jar;/C:/Program%20Files/ScadaBR/webapps/ScadaBR/WEB-INF/lib/rts.jar;/C:/Program%20Files/ScadaBR/webapps/ScadaBR/WEB-INF/lib/saaj.jar;/C:/Program%20Files/ScadaBR/webapps/ScadaBR/WEB-INF/lib/seroUtils.jar;/C:/Program%20Files/ScadaBR/webapps/ScadaBR/WEB-INF/lib/slf4j-api-1.5.11.jar;/C:/Program%20Files/ScadaBR/webapps/ScadaBR/WEB-INF/lib/slf4j-log4j12-1.5.11.jar;/C:/Program%20Files/ScadaBR/webapps/ScadaBR/WEB-INF/lib/spinwave.jar;/C:/Program%20Files/ScadaBR/webapps/ScadaBR/WEB-INF/lib/spring-webmvc.jar;/C:/Program%20Files/ScadaBR/webapps/ScadaBR/WEB-INF/lib/spring.jar;/C:/Program%20Files/ScadaBR/webapps/ScadaBR/WEB-INF/lib/sqljdbc4.jar;/C:/Program%20Files/ScadaBR/webapps/ScadaBR/WEB-INF/lib/standard.jar;/C:/Program%20Files/ScadaBR/webapps/ScadaBR/WEB-INF/lib/taglibs-log.jar;/C:/Program%20Files/ScadaBR/webapps/ScadaBR/WEB-INF/lib/viconics.jar;/C:/Program%20Files/ScadaBR/webapps/ScadaBR/WEB-INF/lib/wsdl4j-1.5.1.jar;/C:/Program%20Files/ScadaBR/webapps/ScadaBR/WEB-INF/lib/wss4j-1.5.8.jar;/C:/Program%20Files/ScadaBR/webapps/ScadaBR/WEB-INF/lib/xfire-aegis-1.2.6.jar;/C:/Program%20Files/ScadaBR/webapps/ScadaBR/WEB-INF/lib/xfire-core-1.2.6.jar;/C:/Program%20Files/ScadaBR/webapps/ScadaBR/WEB-INF/lib/xmlsec-1.4.3.jar;/C:/Program%20Files/ScadaBR/lib/;/C:/Program%20Files/ScadaBR/lib/annotations-api.jar;/C:/Program%20Files/ScadaBR/lib/catalina-ant.jar;/C:/Program%20Files/ScadaBR/lib/catalina-ha.jar;/C:/Program%20Files/ScadaBR/lib/catalina-tribes.jar;/C:/Program%20Files/ScadaBR/lib/catalina.jar;/C:/Program%20Files/ScadaBR/lib/el-api.jar;/C:/Program%20Files/ScadaBR/lib/jasper-el.jar;/C:/Program%20Files/ScadaBR/lib/jasper-jdt.jar;/C:/Program%20Files/ScadaBR/lib/jasper.jar;/C:/Program%20Files/ScadaBR/lib/jsp-api.jar;/C:/Program%20Files/ScadaBR/lib/servlet-api.jar;/C:/Program%20Files/ScadaBR/lib/tomcat-coyote.jar;/C:/Program%20Files/ScadaBR/lib/tomcat-dbcp.jar;/C:/Program%20Files/ScadaBR/lib/tomcat-i18n-es.jar;/C:/Program%20Files/ScadaBR/lib/tomcat-i18n-fr.jar;/C:/Program%20Files/ScadaBR/lib/tomcat-i18n-ja.jar;/C:/Program%20Files/ScadaBR/lib/wsdl4j.jar;/C:/Program%20Files/ScadaBR/lib/wss4j-1.5.8.jar;/C:/Program%20Files/ScadaBR/bin/bootstrap.jar;/C:/Program%20Files/Java/jre6/lib/ext/dnsns.jar;/C:/Program%20Files/Java/jre6/lib/ext/localedata.jar;/C:/Program%20Files/Java/jre6/lib/ext/RXTXcomm.jar;/C:/Program%20Files/Java/jre6/lib/ext/sunjce_provider.jar;/C:/Program%20Files/Java/jre6/lib/ext/sunmscapi.jar
   javax.servlet.ServletConfig=org.apache.catalina.core.StandardWrapperFacade@70fab733
   constants.EventType.EventSources.SYSTEM=4
   org.apache.jasper.runtime.JspApplicationContextImpl=org.apache.jasper.runtime.JspApplicationContextImpl@5c11af37
   org.apache.catalina.resources=org.apache.naming.resources.ProxyDirContext@d06731a
   DwrContainer=org.directwebremoting.impl.DefaultContainer@226eb6a4
   constants.PublisherVO.Types.PACHUBE=2
   constants.DataSourceVO.Types.EBI25=16
   constants.DataTypes.NUMERIC=3
   constants.DataTypes.IMAGE=5
   constants.AuditEventType.TYPE_DATA_SOURCE=1
   AdminServletAxisEngine=org.apache.axis.server.AxisServer@1298daa5
   javax.servlet.http.HttpServlet=org.directwebremoting.servlet.DwrServlet@713a902c
   constants.AuditEventType.TYPE_DATA_POINT=2
   DATAPOINTS_NAME_ID_MAPPING={FALHA_BOMBA_2=7, FALHA_BOMBA_1=6, NIVEL_TANQUE=1, NIVEL_ALTO=2, BOMBA_1=4, NIVEL_BAIXO=3, BOMBA_2=5}
   constants.DataSourceVO.Types.IEC101_SERIAL=35
   constants.DataSourceVO.Types.DNP3_IP=21
   constants.Permissions.DataPointAccessTypes.SET=2
   org.directwebremoting.WebContextFactory$WebContextBuilder=org.directwebremoting.impl.DefaultWebContextBuilder@3bcf72c7
   constants.SystemEventType.TYPE_SET_POINT_HANDLER_FAILURE=7
   constants.AuditEventType.TYPE_POINT_LINK=7
   org.springframework.web.context.WebApplicationContext.ROOT=org.springframework.web.context.support.XmlWebApplicationContext@68acfc3: display name [Root WebApplicationContext]; startup date [Mon May 22 19:02:14 BRT 2017]; root of context hierarchy
   constants.SystemEventType.TYPE_USER_LOGIN=4
   IMAGE_SETS=[com.serotonin.mango.view.ImageSet@4604764b, com.serotonin.mango.view.ImageSet@5c2f925d, com.serotonin.mango.view.ImageSet@798106fa, com.serotonin.mango.view.ImageSet@28b6483, com.serotonin.mango.view.ImageSet@716551c5, com.serotonin.mango.view.ImageSet@47f3ed7f, com.serotonin.mango.view.ImageSet@190621c9, com.serotonin.mango.view.ImageSet@7b4fc6e4, com.serotonin.mango.view.ImageSet@1ae8873a, com.serotonin.mango.view.ImageSet@76d45adb, com.serotonin.mango.view.ImageSet@528786e7, com.serotonin.mango.view.ImageSet@16194279, com.serotonin.mango.view.ImageSet@320de756, com.serotonin.mango.view.ImageSet@347db7e6, com.serotonin.mango.view.ImageSet@41db0505, com.serotonin.mango.view.ImageSet@5ab5b91, com.serotonin.mango.view.ImageSet@69ddcfef, com.serotonin.mango.view.ImageSet@55b82f66, com.serotonin.mango.view.ImageSet@5724c22f, com.serotonin.mango.view.ImageSet@6e95b0a3, com.serotonin.mango.view.ImageSet@5636e34, com.serotonin.mango.view.ImageSet@57e2eb9, com.serotonin.mango.view.ImageSet@78100c56, com.serotonin.mango.view.ImageSet@bd5c7a1, com.serotonin.mango.view.ImageSet@1010ad7e, com.serotonin.mango.view.ImageSet@49a9542c, com.serotonin.mango.view.ImageSet@1cff8e3a, com.serotonin.mango.view.ImageSet@1aec9361, com.serotonin.mango.view.ImageSet@2659e8e2, com.serotonin.mango.view.ImageSet@19839755, com.serotonin.mango.view.ImageSet@455f1fa0, com.serotonin.mango.view.ImageSet@77edc3aa, com.serotonin.mango.view.ImageSet@2a330f22, com.serotonin.mango.view.ImageSet@6167a256, com.serotonin.mango.view.ImageSet@7d02f5c2, com.serotonin.mango.view.ImageSet@55336cdf, com.serotonin.mango.view.ImageSet@633ac25c, com.serotonin.mango.view.ImageSet@6bad9256, com.serotonin.mango.view.ImageSet@35ee1bee, com.serotonin.mango.view.ImageSet@445fc010, com.serotonin.mango.view.ImageSet@4d138a28, com.serotonin.mango.view.ImageSet@67aff9e8, com.serotonin.mango.view.ImageSet@43401ab6, com.serotonin.mango.view.ImageSet@548c791e, com.serotonin.mango.view.ImageSet@4f7e2705, com.serotonin.mango.view.ImageSet@589af639, com.serotonin.mango.view.ImageSet@30646a81, com.serotonin.mango.view.ImageSet@497aa8b7, com.serotonin.mango.view.ImageSet@585bd18b, com.serotonin.mango.view.ImageSet@5135e781, com.serotonin.mango.view.ImageSet@37d62d02, com.serotonin.mango.view.ImageSet@6e983d8d, com.serotonin.mango.view.ImageSet@75de997c, com.serotonin.mango.view.ImageSet@26e7ee9f, com.serotonin.mango.view.ImageSet@324382f9, com.serotonin.mango.view.ImageSet@3fd4714d, com.serotonin.mango.view.ImageSet@588b28e0, com.serotonin.mango.view.ImageSet@29dbf9c3, com.serotonin.mango.view.ImageSet@4ac5af5c, com.serotonin.mango.view.ImageSet@5dc7c133, com.serotonin.mango.view.ImageSet@60051f44, com.serotonin.mango.view.ImageSet@73d727eb, com.serotonin.mango.view.ImageSet@bcab4a5]
   constants.DataSourceVO.Types.ALPHA_2=39
   constants.DataTypes.ALPHANUMERIC=4
   constants.PublisherVO.Types.HTTP_SENDER=1
   constants.EventType.EventSources.SCHEDULED=6
   constants.DataTypes.BINARY=1
   HTTP_RECEIVER_MULTICASTER=com.serotonin.mango.rt.dataSource.http.HttpReceiverMulticaster@3078857e
   constants.SystemEventType.TYPE_MAX_ALARM_LEVEL_CHANGED=3
   clientSideMessages={js.help.lastUpdated=com.serotonin.web.i18n.LocalizableMessage@729293fd, js.disabledSe=com.serotonin.web.i18n.LocalizableMessage@97a7b393, js.disabledPointLink=com.serotonin.web.i18n.LocalizableMessage@25407509, js.help.error=com.serotonin.web.i18n.LocalizableMessage@f876c0, common.disabledToggle=com.serotonin.web.i18n.LocalizableMessage@d7f89333, header.mute=com.serotonin.web.i18n.LocalizableMessage@43df3cba, js.email.testSent=com.serotonin.web.i18n.LocalizableMessage@f59d9881, common.administrator=com.serotonin.web.i18n.LocalizableMessage@a467f3ea, js.help.related=com.serotonin.web.i18n.LocalizableMessage@3dce6ae3, common.sendTestEmail=com.serotonin.web.i18n.LocalizableMessage@8fd89c9f, compoundDetectors.compoundEventDetector=com.serotonin.web.i18n.LocalizableMessage@51020f89, js.email.noRecipForEmail=com.serotonin.web.i18n.LocalizableMessage@4b694592, common.enabledToggle=com.serotonin.web.i18n.LocalizableMessage@ea5c2f12, js.email.addAddress=com.serotonin.web.i18n.LocalizableMessage@cbb9a38a, header.unmute=com.serotonin.web.i18n.LocalizableMessage@d635aa93, pointLinks.pointLink=com.serotonin.web.i18n.LocalizableMessage@2c6dd5e5, js.email.addMailingList=com.serotonin.web.i18n.LocalizableMessage@6fa4a69f, scheduledEvents.se=com.serotonin.web.i18n.LocalizableMessage@b5cc6cfa, common.alarmLevel.lifeSafety=com.serotonin.web.i18n.LocalizableMessage@1c71626, common.minimize=com.serotonin.web.i18n.LocalizableMessage@5d740b21, js.email.addUser=com.serotonin.web.i18n.LocalizableMessage@49cc77b5, js.disabledCed=com.serotonin.web.i18n.LocalizableMessage@5d4e0ee1, common.maximize=com.serotonin.web.i18n.LocalizableMessage@c752a74f, js.email.noRecipients=com.serotonin.web.i18n.LocalizableMessage@d78563d2, common.user=com.serotonin.web.i18n.LocalizableMessage@8a9479ce, common.alarmLevel.none=com.serotonin.web.i18n.LocalizableMessage@223c1a70, common.access.set=com.serotonin.web.i18n.LocalizableMessage@a3e5309b, js.help.loading=com.serotonin.web.i18n.LocalizableMessage@10dfaff4, events.silence=com.serotonin.web.i18n.LocalizableMessage@8376c0ac, common.disabled=com.serotonin.web.i18n.LocalizableMessage@be9bfeff, common.access.read=com.serotonin.web.i18n.LocalizableMessage@d8bff83d, common.alarmLevel.critical=com.serotonin.web.i18n.LocalizableMessage@2b076d7, common.alarmLevel.info=com.serotonin.web.i18n.LocalizableMessage@2239cfe6, events.unsilence=com.serotonin.web.i18n.LocalizableMessage@29ad6533, common.alarmLevel.urgent=com.serotonin.web.i18n.LocalizableMessage@8fa9c879}
   constants.DataSourceVO.Types.NMEA=13
   constants.DataTypes.MULTISTATE=2
   constants.Permissions.DataPointAccessTypes.DATA_SOURCE=3
   constants.DataSourceVO.Types.VMSTAT=17
   constants.Permissions.DataPointAccessTypes.ADMIN=4
   EVENT_MANAGER=com.serotonin.mango.rt.EventManager@38842c0e
   constants.Permissions.DataPointAccessTypes.NONE=0
   constants.SystemEventType.TYPE_POINT_LINK_FAILURE=9
   constants.DataSourceVO.Types.PACHUBE=23
   constants.DataSourceVO.Types.META=9
   constants.SystemEventType.TYPE_PROCESS_FAILURE=10
   constants.EventType.EventSources.MAINTENANCE=9
   constants.EventType.EventSources.AUDIT=8
   FREEMARKER_CONFIG=freemarker.template.Configuration@6d68681e
   constants.DataSourceVO.Types.ASCII_FILE=33
   org.directwebremoting.ContainerList=[org.directwebremoting.impl.DefaultContainer@226eb6a4]
   constants.DataSourceVO.Types.PERSISTENT=24
   constants.SystemEventType.TYPE_SYSTEM_STARTUP=1
   constants.SystemEventType.TYPE_SYSTEM_SHUTDOWN=2
   constants.AuditEventType.TYPE_SCHEDULED_EVENT=5
   DOCUMENTATION_MANIFEST=com.serotonin.mango.util.DocumentationManifest@618bc1af
   AxisEngine=org.apache.axis.server.AxisServer@1298daa5
   constants.DataSourceVO.Types.POP3=12
   constants.DataSourceVO.Types.HTTP_RETRIEVER=11
   org.directwebremoting.Container=org.directwebremoting.impl.DefaultContainer@226eb6a4
   DATABASE_ACCESS=com.serotonin.mango.db.DerbyAccess@1e58fa31
   constants.PublisherVO.Types.PERSISTENT=3
   constants.DataSourceVO.Types.NODAVE_S7=37
   constants.DataSourceVO.Types.OPEN_V_4_J=19
   constants.DataSourceVO.Types.VICONICS=18
   constants.SystemEventType.TYPE_COMPOUND_DETECTOR_FAILURE=6
   constants.EventType.EventSources.DATA_SOURCE=3
   constants.EventType.EventSources.DATA_POINT=1
   constants.Permissions.DataPointAccessTypes.READ=1
   BACKGROUND_PROCESSING=com.serotonin.mango.rt.maint.BackgroundProcessing@6391b687
   org.apache.AnnotationProcessor=org.apache.catalina.util.DefaultAnnotationProcessor@73668c22
   RUNTIME_MANAGER=com.serotonin.mango.rt.RuntimeManager@517a475e
   constants.DataSourceVO.Types.DNP3_SERIAL=22
   constants.DataSourceVO.Types.GALIL=14
   constants.DataSourceVO.Types.IEC101_ETHERNET=36
   constants.DataSourceVO.Types.BACNET=10
   constants.AuditEventType.TYPE_POINT_EVENT_DETECTOR=3
   constants.SystemEventType.TYPE_EMAIL_SEND_FAILURE=8
   constants.EventType.EventSources.COMPOUND=5
   constants.DataSourceVO.Types.JMX=26
 
INFO  2017-05-23 08:22:42,315 (com.serotonin.mango.rt.RuntimeManager.stopDataSource:351) - Data source 'Arduino' stopped 
INFO  2017-05-23 08:24:30,603 (com.serotonin.mango.rt.RuntimeManager.initializeDataSource:323) - Data source 'Arduino' initialized 
WARN  2017-05-23 08:24:31,604 (com.serotonin.mango.rt.dataSource.PollingDataSource.scheduleTimeout:63) - Arduino: poll at 2017/05/23 08:24:31 aborted because a previous poll started at 2017/05/23 08:24:30 is still running 
INFO  2017-05-23 08:38:48,871 (com.serotonin.mango.rt.maint.work.ReportWorkItem.queueReport:72) - Queuing report with id -1 
INFO  2017-05-23 08:38:48,954 (com.serotonin.mango.rt.maint.work.ReportWorkItem.queueReport:94) - Queued report with id -1, instance id 1 
INFO  2017-05-23 08:38:48,954 (com.serotonin.mango.rt.maint.work.ReportWorkItem.execute:104) - Running report with id -1, instance id 1 
INFO  2017-05-23 08:38:49,263 (com.serotonin.mango.rt.maint.work.ReportWorkItem.execute:214) - Finished running report with id -1, instance id 1 
INFO  2017-05-23 08:41:54,586 (com.serotonin.mango.rt.RuntimeManager.stopDataSource:351) - Data source 'Arduino' stopped 
INFO  2017-05-23 08:43:22,378 (com.serotonin.mango.rt.RuntimeManager.initializeDataSource:323) - Data source 'Arduino' initialized 
WARN  2017-05-23 08:44:47,409 (com.serotonin.messaging.WaitingRoom.enter:36) - Duplicate waiting room key found. Waiting for member to leave. 
INFO  2017-05-23 08:47:29,319 (com.serotonin.mango.rt.RuntimeManager.stopDataSource:351) - Data source 'Arduino' stopped 
INFO  2017-05-23 08:51:49,553 (org.springframework.context.support.AbstractApplicationContext.doClose:816) - Closing org.springframework.web.context.support.XmlWebApplicationContext@265ef79f: display name [WebApplicationContext for namespace 'springDispatcher-servlet']; startup date [Mon May 22 19:02:29 BRT 2017]; parent: org.springframework.web.context.support.XmlWebApplicationContext@68acfc3 
INFO  2017-05-23 08:51:49,553 (org.springframework.beans.factory.support.DefaultSingletonBeanRegistry.destroySingletons:392) - Destroying singletons in org.springframework.beans.factory.support.DefaultListableBeanFactory@17773a14: defining beans [viewResolver,defaultMessageCodeResolver,publicUrlMappings,projectExporterController,projectImporterController,compoundEventsController,dataPointDetailsController,dataPointEditController,dataSourceEditController,dataSourceListController,emportController,eventHandlersController,eventsController,helpController,loginController,logoutController,mobileLoginController,mobileLogoutController,mobileWatchListController,mailingListsController,maintenanceEventsController,pointHierarchyController,pointLinksController,publicViewController,publisherEditController,publisherListController,reportChartController,reportsController,scheduledEventsController,scriptingController,sqlController,systemSettingsController,usersController,viewsController,viewEditController,watchListController,webcamLiveFeedController,multipartResolver,commonData]; parent: org.springframework.beans.factory.support.DefaultListableBeanFactory@31e46a68 
INFO  2017-05-23 08:51:49,563 (com.serotonin.mango.MangoContextListener.contextDestroyed:134) - Mango context terminating 
INFO  2017-05-23 08:51:49,563 (com.serotonin.mango.db.DerbyAccess.terminate:93) - Stopping database 
INFO  2017-05-23 08:51:50,213 (com.serotonin.mango.MangoContextListener.contextDestroyed:158) - Mango context terminated 
INFO  2017-05-23 08:51:50,213 (org.springframework.context.support.AbstractApplicationContext.doClose:816) - Closing org.springframework.web.context.support.XmlWebApplicationContext@68acfc3: display name [Root WebApplicationContext]; startup date [Mon May 22 19:02:14 BRT 2017]; root of context hierarchy 
INFO  2017-05-23 08:51:50,223 (org.springframework.beans.factory.support.DefaultSingletonBeanRegistry.destroySingletons:392) - Destroying singletons in org.springframework.beans.factory.support.DefaultListableBeanFactory@31e46a68: defining beans [CompoundEventsDwr,CustomViewDwr,DataPointDetailsDwr,DataPointEditDwr,DataSourceEditDwr,DataSourceListDwr,EmportDwr,EventHandlersDwr,EventsDwr,MailingListsDwr,MaintenanceEventsDwr,MiscDwr,PointHierarchyDwr,PointLinksDwr,PublisherEditDwr,PublisherListDwr,ReportsDwr,ScheduledEventsDwr,SystemSettingsDwr,UsersDwr,ViewDwr,WatchListDwr,ScriptsDwr,localeResolver,messageSource]; root of factory hierarchy 
